<?xml version="1.0" encoding="utf-8"?><testsuites><testsuite errors="0" failures="0" hostname="C02WR0JBG8WN.group.on" name="pytest" skipped="0" tests="4" time="20.403" timestamp="2020-08-22T22:02:04.711208"><testcase classname="tests.test_pipeline" file="tests/test_pipeline.py" line="24" name="test_pipeline_transform" time="20.229"></testcase><testcase classname="tests.test_pipeline" file="tests/test_pipeline.py" line="41" name="test_pipeline_extract" time="0.002"></testcase><testcase classname="tests.test_pipeline" file="tests/test_pipeline.py" line="55" name="test_pipeline_load" time="0.005"></testcase><testcase classname="tests.test_pipeline" file="tests/test_pipeline.py" line="68" name="test_run_integration" time="0.112"></testcase></testsuite></testsuites>